SMM: enter
EAX=00000001 EBX=00000000 ECX=02000000 EDX=02000628
ESI=0000000b EDI=02000000 EBP=000a0000 ESP=00006c58
EIP=000ef1aa EFL=00000002 [-------] CPL=0 II=0 A20=1 SMM=0 HLT=0
ES =0010 00000000 ffffffff 00cf9300 DPL=0 DS   [-WA]
CS =0008 00000000 ffffffff 00cf9b00 DPL=0 CS32 [-RA]
SS =0010 00000000 ffffffff 00cf9300 DPL=0 DS   [-WA]
DS =0010 00000000 ffffffff 00cf9300 DPL=0 DS   [-WA]
FS =0010 00000000 ffffffff 00cf9300 DPL=0 DS   [-WA]
GS =0010 00000000 ffffffff 00cf9300 DPL=0 DS   [-WA]
LDT=0000 00000000 0000ffff 00008200 DPL=0 LDT
TR =0000 00000000 0000ffff 00008b00 DPL=0 TSS32-busy
GDT=     000f7440 00000037
IDT=     000f747e 00000000
CR0=00000011 CR2=00000000 CR3=00000000 CR4=00000000
DR0=0000000000000000 DR1=0000000000000000 DR2=0000000000000000 DR3=0000000000000000 
DR6=00000000ffff0ff0 DR7=0000000000000400
CCS=00000080 CCD=00000001 CCO=LOGICB
EFER=0000000000000000
SMM: after RSM
EAX=00000001 EBX=00000000 ECX=02000000 EDX=02000628
ESI=0000000b EDI=02000000 EBP=000a0000 ESP=00006c58
EIP=000ef1aa EFL=00000002 [-------] CPL=0 II=0 A20=1 SMM=0 HLT=0
ES =0010 00000000 ffffffff 00c09300 DPL=0 DS   [-WA]
CS =0008 00000000 ffffffff 00c09b00 DPL=0 CS32 [-RA]
SS =0010 00000000 ffffffff 00c09300 DPL=0 DS   [-WA]
DS =0010 00000000 ffffffff 00c09300 DPL=0 DS   [-WA]
FS =0010 00000000 ffffffff 00c09300 DPL=0 DS   [-WA]
GS =0010 00000000 ffffffff 00c09300 DPL=0 DS   [-WA]
LDT=0000 00000000 0000ffff 00008200 DPL=0 LDT
TR =0000 00000000 0000ffff 00008b00 DPL=0 TSS32-busy
GDT=     000f7440 00000037
IDT=     000f747e 00000000
CR0=00000011 CR2=00000000 CR3=00000000 CR4=00000000
DR0=0000000000000000 DR1=0000000000000000 DR2=0000000000000000 DR3=0000000000000000 
DR6=00000000ffff0ff0 DR7=0000000000000400
CCS=00000000 CCD=00000000 CCO=EFLAGS
EFER=0000000000000000
Servicing hardware INT=0x08
SMM: enter
EAX=000000b5 EBX=000f8773 ECX=00001234 EDX=00006cff
ESI=00006cc0 EDI=06fff5f3 EBP=00006c80 ESP=00006c80
EIP=00008772 EFL=00000002 [-------] CPL=0 II=0 A20=1 SMM=0 HLT=0
ES =dd80 000dd800 ffffffff 008f9300
CS =f000 000f0000 ffffffff 008f9b00
SS =0000 00000000 ffffffff 008f9300
DS =0000 00000000 ffffffff 008f9300
FS =0000 00000000 ffffffff 008f9300
GS =0000 00000000 ffffffff 008f9300
LDT=0000 00000000 0000ffff 00008200
TR =0000 00000000 0000ffff 00008b00
GDT=     00000000 00000000
IDT=     00000000 000003ff
CR0=00000010 CR2=00000000 CR3=00000000 CR4=00000000
DR0=0000000000000000 DR1=0000000000000000 DR2=0000000000000000 DR3=0000000000000000 
DR6=00000000ffff0ff0 DR7=0000000000000400
CCS=00000000 CCD=00006c80 CCO=EFLAGS
EFER=0000000000000000
SMM: after RSM
EAX=000000b5 EBX=000f8773 ECX=00001234 EDX=00006cff
ESI=00006cc0 EDI=06fff5f3 EBP=00006c80 ESP=00006c80
EIP=000f8773 EFL=00000002 [-------] CPL=0 II=0 A20=1 SMM=0 HLT=0
ES =0010 00000000 ffffffff 00c09300 DPL=0 DS   [-WA]
CS =0008 00000000 ffffffff 00c09b00 DPL=0 CS32 [-RA]
SS =0010 00000000 ffffffff 00c09300 DPL=0 DS   [-WA]
DS =0010 00000000 ffffffff 00c09300 DPL=0 DS   [-WA]
FS =0010 00000000 ffffffff 00c09300 DPL=0 DS   [-WA]
GS =0010 00000000 ffffffff 00c09300 DPL=0 DS   [-WA]
LDT=0000 00000000 0000ffff 00008200 DPL=0 LDT
TR =0000 00000000 0000ffff 00008b00 DPL=0 TSS32-busy
GDT=     000f7440 00000037
IDT=     000f747e 00000000
CR0=00000011 CR2=00000000 CR3=00000000 CR4=00000000
DR0=0000000000000000 DR1=0000000000000000 DR2=0000000000000000 DR3=0000000000000000 
DR6=00000000ffff0ff0 DR7=0000000000000400
CCS=00000000 CCD=00000000 CCO=EFLAGS
EFER=0000000000000000
SMM: enter
EAX=000000b5 EBX=0000878d ECX=00005678 EDX=06feb070
ESI=000eca60 EDI=06fff5f3 EBP=00006c80 ESP=00006c80
EIP=000f878c EFL=00000006 [-----P-] CPL=0 II=0 A20=1 SMM=0 HLT=0
ES =0010 00000000 ffffffff 00c09300 DPL=0 DS   [-WA]
CS =0008 00000000 ffffffff 00c09b00 DPL=0 CS32 [-RA]
SS =0010 00000000 ffffffff 00c09300 DPL=0 DS   [-WA]
DS =0010 00000000 ffffffff 00c09300 DPL=0 DS   [-WA]
FS =0010 00000000 ffffffff 00c09300 DPL=0 DS   [-WA]
GS =0010 00000000 ffffffff 00c09300 DPL=0 DS   [-WA]
LDT=0000 00000000 0000ffff 00008200 DPL=0 LDT
TR =0000 00000000 0000ffff 00008b00 DPL=0 TSS32-busy
GDT=     000f7440 00000037
IDT=     000f747e 00000000
CR0=00000011 CR2=00000000 CR3=00000000 CR4=00000000
DR0=0000000000000000 DR1=0000000000000000 DR2=0000000000000000 DR3=0000000000000000 
DR6=00000000ffff0ff0 DR7=0000000000000400
CCS=00000004 CCD=00006c6c CCO=EFLAGS
EFER=0000000000000000
SMM: after RSM
EAX=000000b5 EBX=0000878d ECX=00005678 EDX=06feb070
ESI=000eca60 EDI=06fff5f3 EBP=00006c80 ESP=00006c80
EIP=0000878d EFL=00000002 [-------] CPL=0 II=0 A20=1 SMM=0 HLT=0
ES =dd80 000dd800 ffffffff 00809300
CS =f000 000f0000 ffffffff 00809b00
SS =0000 00000000 ffffffff 00809300
DS =0000 00000000 ffffffff 00809300
FS =0000 00000000 ffffffff 00809300
GS =0000 00000000 ffffffff 00809300
LDT=0000 00000000 0000ffff 00008200
TR =0000 00000000 0000ffff 00008b00
GDT=     00000000 00000000
IDT=     00000000 000003ff
CR0=00000010 CR2=00000000 CR3=00000000 CR4=00000000
DR0=0000000000000000 DR1=0000000000000000 DR2=0000000000000000 DR3=0000000000000000 
DR6=00000000ffff0ff0 DR7=0000000000000400
CCS=00000000 CCD=00000001 CCO=EFLAGS
EFER=0000000000000000
Servicing hardware INT=0x08
Servicing hardware INT=0x08
Servicing hardware INT=0x09
Servicing hardware INT=0x09
Servicing hardware INT=0x09
Servicing hardware INT=0x09
Servicing hardware INT=0x08
Servicing hardware INT=0x08
Servicing hardware INT=0x08
Servicing hardware INT=0x08
Servicing hardware INT=0x08
Servicing hardware INT=0x08
Servicing hardware INT=0x08
Servicing hardware INT=0x08
Servicing hardware INT=0x08
Servicing hardware INT=0x08
Servicing hardware INT=0x08
Servicing hardware INT=0x08
check_exception old: 0xffffffff new 0x6
     0: v=06 e=0000 i=0 cpl=0 IP=0028:ffffffff80004010 pc=ffffffff80004010 SP=0030:ffff800007f57ef0 env->regs[R_EAX]=ffffffff8000a7a0
RAX=ffffffff8000a7a0 RBX=ffffffff8000a7a0 RCX=ffffffff8000aab0 RDX=0000000000000000
RSI=0000000000000000 RDI=ffffffff8000aab0 RBP=0000000000000000 RSP=ffff800007f57ef0
R8 =0000000000000000 R9 =0000000000001400 R10=0000000000000000 R11=0000000000000000
R12=0000000000000320 R13=0000000000001400 R14=0000000000000500 R15=ffffffff80003060
RIP=ffffffff80004010 RFL=00000046 [---Z-P-] CPL=0 II=0 A20=1 SMM=0 HLT=0
ES =0030 0000000000000000 00000000 00009300 DPL=0 DS   [-WA]
CS =0028 0000000000000000 00000000 00209a00 DPL=0 CS64 [-R-]
SS =0030 0000000000000000 00000000 00009300 DPL=0 DS   [-WA]
DS =0030 0000000000000000 00000000 00009300 DPL=0 DS   [-WA]
FS =0030 0000000000000000 00000000 00009300 DPL=0 DS   [-WA]
GS =0030 0000000000000000 00000000 00009300 DPL=0 DS   [-WA]
LDT=0000 0000000000000000 00000000 00008200 DPL=0 LDT
TR =0000 0000000000000000 0000ffff 00008b00 DPL=0 TSS64-busy
GDT=     ffff8000000141a0 00000037
IDT=     0000000000000000 00000000
CR0=80010011 CR2=0000000000000000 CR3=0000000007f47000 CR4=00000020
DR0=0000000000000000 DR1=0000000000000000 DR2=0000000000000000 DR3=0000000000000000 
DR6=00000000ffff0ff0 DR7=0000000000000400
CCS=0000000000000000 CCD=0000000000000000 CCO=SUBQ
EFER=0000000000000d00
check_exception old: 0xffffffff new 0xd
     1: v=0d e=0032 i=0 cpl=0 IP=0028:ffffffff80004010 pc=ffffffff80004010 SP=0030:ffff800007f57ef0 env->regs[R_EAX]=ffffffff8000a7a0
RAX=ffffffff8000a7a0 RBX=ffffffff8000a7a0 RCX=ffffffff8000aab0 RDX=0000000000000000
RSI=0000000000000000 RDI=ffffffff8000aab0 RBP=0000000000000000 RSP=ffff800007f57ef0
R8 =0000000000000000 R9 =0000000000001400 R10=0000000000000000 R11=0000000000000000
R12=0000000000000320 R13=0000000000001400 R14=0000000000000500 R15=ffffffff80003060
RIP=ffffffff80004010 RFL=00000046 [---Z-P-] CPL=0 II=0 A20=1 SMM=0 HLT=0
ES =0030 0000000000000000 00000000 00009300 DPL=0 DS   [-WA]
CS =0028 0000000000000000 00000000 00209a00 DPL=0 CS64 [-R-]
SS =0030 0000000000000000 00000000 00009300 DPL=0 DS   [-WA]
DS =0030 0000000000000000 00000000 00009300 DPL=0 DS   [-WA]
FS =0030 0000000000000000 00000000 00009300 DPL=0 DS   [-WA]
GS =0030 0000000000000000 00000000 00009300 DPL=0 DS   [-WA]
LDT=0000 0000000000000000 00000000 00008200 DPL=0 LDT
TR =0000 0000000000000000 0000ffff 00008b00 DPL=0 TSS64-busy
GDT=     ffff8000000141a0 00000037
IDT=     0000000000000000 00000000
CR0=80010011 CR2=0000000000000000 CR3=0000000007f47000 CR4=00000020
DR0=0000000000000000 DR1=0000000000000000 DR2=0000000000000000 DR3=0000000000000000 
DR6=00000000ffff0ff0 DR7=0000000000000400
CCS=0000000000000000 CCD=0000000000000000 CCO=SUBQ
EFER=0000000000000d00
check_exception old: 0xd new 0xd
     2: v=08 e=0000 i=0 cpl=0 IP=0028:ffffffff80004010 pc=ffffffff80004010 SP=0030:ffff800007f57ef0 env->regs[R_EAX]=ffffffff8000a7a0
RAX=ffffffff8000a7a0 RBX=ffffffff8000a7a0 RCX=ffffffff8000aab0 RDX=0000000000000000
RSI=0000000000000000 RDI=ffffffff8000aab0 RBP=0000000000000000 RSP=ffff800007f57ef0
R8 =0000000000000000 R9 =0000000000001400 R10=0000000000000000 R11=0000000000000000
R12=0000000000000320 R13=0000000000001400 R14=0000000000000500 R15=ffffffff80003060
RIP=ffffffff80004010 RFL=00000046 [---Z-P-] CPL=0 II=0 A20=1 SMM=0 HLT=0
ES =0030 0000000000000000 00000000 00009300 DPL=0 DS   [-WA]
CS =0028 0000000000000000 00000000 00209a00 DPL=0 CS64 [-R-]
SS =0030 0000000000000000 00000000 00009300 DPL=0 DS   [-WA]
DS =0030 0000000000000000 00000000 00009300 DPL=0 DS   [-WA]
FS =0030 0000000000000000 00000000 00009300 DPL=0 DS   [-WA]
GS =0030 0000000000000000 00000000 00009300 DPL=0 DS   [-WA]
LDT=0000 0000000000000000 00000000 00008200 DPL=0 LDT
TR =0000 0000000000000000 0000ffff 00008b00 DPL=0 TSS64-busy
GDT=     ffff8000000141a0 00000037
IDT=     0000000000000000 00000000
CR0=80010011 CR2=0000000000000000 CR3=0000000007f47000 CR4=00000020
DR0=0000000000000000 DR1=0000000000000000 DR2=0000000000000000 DR3=0000000000000000 
DR6=00000000ffff0ff0 DR7=0000000000000400
CCS=0000000000000000 CCD=0000000000000000 CCO=SUBQ
EFER=0000000000000d00
check_exception old: 0x8 new 0xd
